2025-06-18 21:29:46,466 - app.routes.basic_data - INFO - Dados básicos encontrados: 1 registros
2025-06-18 21:29:46,467 - app.routes.basic_data - INFO - Registro ID 5: month=6, year=2025, clients_served=33
2025-06-18 21:29:46,467 - app.routes.basic_data - INFO - Valores monetários brutos: sales_revenue=43242323.0, sales_expenses=33.0, input_product_expenses=33.0
2025-06-18 21:29:46,468 - app.routes.basic_data - INFO - Valores monetários brutos: fixed_costs=None, pro_labore=None, other_fixed_costs=33.0
2025-06-18 21:29:46,468 - app.routes.basic_data - INFO - Valores formatados: sales_revenue=4324232.3, sales_expenses=3.3, input_product_expenses=3.3
2025-06-18 21:29:46,469 - app.routes.basic_data - INFO - Valores formatados: fixed_costs=None, pro_labore=None, other_fixed_costs=3.3
2025-06-18 21:30:19,465 - app.routes.basic_data_operations - INFO - Alteração detectada: É o Atual de Sim para Não
2025-06-18 21:30:19,502 - app.routes.basic_data - INFO - Dados básicos encontrados: 1 registros
2025-06-18 21:30:19,503 - app.routes.basic_data - INFO - Registro ID 5: month=6, year=2025, clients_served=33
2025-06-18 21:30:19,503 - app.routes.basic_data - INFO - Valores monetários brutos: sales_revenue=43242323.0, sales_expenses=33.0, input_product_expenses=33.0
2025-06-18 21:30:19,503 - app.routes.basic_data - INFO - Valores monetários brutos: fixed_costs=None, pro_labore=None, other_fixed_costs=33.0
2025-06-18 21:30:19,503 - app.routes.basic_data - INFO - Valores formatados: sales_revenue=4324232.3, sales_expenses=3.3, input_product_expenses=3.3
2025-06-18 21:30:19,504 - app.routes.basic_data - INFO - Valores formatados: fixed_costs=None, pro_labore=None, other_fixed_costs=3.3
2025-06-18 21:30:29,353 - app.routes.basic_data - INFO - Dados básicos encontrados: 1 registros
2025-06-18 21:30:29,355 - app.routes.basic_data - INFO - Registro ID 5: month=6, year=2025, clients_served=33
2025-06-18 21:30:29,355 - app.routes.basic_data - INFO - Valores monetários brutos: sales_revenue=43242323.0, sales_expenses=33.0, input_product_expenses=33.0
2025-06-18 21:30:29,355 - app.routes.basic_data - INFO - Valores monetários brutos: fixed_costs=None, pro_labore=None, other_fixed_costs=33.0
2025-06-18 21:30:29,356 - app.routes.basic_data - INFO - Valores formatados: sales_revenue=4324232.3, sales_expenses=3.3, input_product_expenses=3.3
2025-06-18 21:30:29,356 - app.routes.basic_data - INFO - Valores formatados: fixed_costs=None, pro_labore=None, other_fixed_costs=3.3
2025-06-18 21:30:59,070 - app.routes.basic_data - INFO - Dados básicos encontrados: 1 registros
2025-06-18 21:30:59,070 - app.routes.basic_data - INFO - Registro ID 5: month=6, year=2025, clients_served=33
2025-06-18 21:30:59,070 - app.routes.basic_data - INFO - Valores monetários brutos: sales_revenue=43242323.0, sales_expenses=33.0, input_product_expenses=33.0
2025-06-18 21:30:59,070 - app.routes.basic_data - INFO - Valores monetários brutos: fixed_costs=None, pro_labore=None, other_fixed_costs=33.0
2025-06-18 21:30:59,071 - app.routes.basic_data - INFO - Valores formatados: sales_revenue=4324232.3, sales_expenses=3.3, input_product_expenses=3.3
2025-06-18 21:30:59,071 - app.routes.basic_data - INFO - Valores formatados: fixed_costs=None, pro_labore=None, other_fixed_costs=3.3
2025-06-18 21:32:10,972 - app.routes.basic_data - INFO - Dados básicos encontrados: 1 registros
2025-06-18 21:32:10,973 - app.routes.basic_data - INFO - Registro ID 5: month=6, year=2025, clients_served=33
2025-06-18 21:32:10,974 - app.routes.basic_data - INFO - Valores monetários brutos: sales_revenue=43242323.0, sales_expenses=33.0, input_product_expenses=33.0
2025-06-18 21:32:10,974 - app.routes.basic_data - INFO - Valores monetários brutos: fixed_costs=None, pro_labore=None, other_fixed_costs=33.0
2025-06-18 21:32:10,974 - app.routes.basic_data - INFO - Valores formatados: sales_revenue=4324232.3, sales_expenses=3.3, input_product_expenses=3.3
2025-06-18 21:32:10,974 - app.routes.basic_data - INFO - Valores formatados: fixed_costs=None, pro_labore=None, other_fixed_costs=3.3
2025-06-18 21:32:55,532 - app.routes.basic_data_operations - INFO - Alteração detectada: Faturamento com Vendas de R$ 43.242.323,00 para R$ 100,00
2025-06-18 21:32:55,557 - app.routes.basic_data - INFO - Dados básicos encontrados: 1 registros
2025-06-18 21:32:55,557 - app.routes.basic_data - INFO - Registro ID 5: month=6, year=2025, clients_served=33
2025-06-18 21:32:55,558 - app.routes.basic_data - INFO - Valores monetários brutos: sales_revenue=100.0, sales_expenses=33.0, input_product_expenses=33.0
2025-06-18 21:32:55,558 - app.routes.basic_data - INFO - Valores monetários brutos: fixed_costs=None, pro_labore=None, other_fixed_costs=33.0
2025-06-18 21:32:55,558 - app.routes.basic_data - INFO - Valores formatados: sales_revenue=10.0, sales_expenses=3.3, input_product_expenses=3.3
2025-06-18 21:32:55,558 - app.routes.basic_data - INFO - Valores formatados: fixed_costs=None, pro_labore=None, other_fixed_costs=3.3
2025-06-18 21:36:52,263 - app.routes.basic_data - INFO - Dados básicos encontrados: 1 registros
2025-06-18 21:36:52,263 - app.routes.basic_data - INFO - Registro ID 5: month=6, year=2025, clients_served=33
2025-06-18 21:36:52,263 - app.routes.basic_data - INFO - Valores monetários brutos: sales_revenue=100.0, sales_expenses=33.0, input_product_expenses=33.0
2025-06-18 21:36:52,264 - app.routes.basic_data - INFO - Valores monetários brutos: fixed_costs=None, pro_labore=None, other_fixed_costs=33.0
2025-06-18 21:36:52,264 - app.routes.basic_data - INFO - Valores formatados: sales_revenue=10.0, sales_expenses=3.3, input_product_expenses=3.3
2025-06-18 21:36:52,264 - app.routes.basic_data - INFO - Valores formatados: fixed_costs=None, pro_labore=None, other_fixed_costs=3.3
