2025-04-04 18:00:20,004 - app.routes.basic_data - INFO - Buscando logs para basic_data_id: 8
2025-04-04 18:00:20,005 - app.routes.basic_data - INFO - Valores atuais: sales_revenue=321312.0, sales_expenses=23131.0
2025-04-04 18:00:26,669 - app.routes.basic_data - INFO - Processando dados básicos para usuário 2
2025-04-04 18:00:26,669 - app.routes.basic_data - INFO - Atualizando registros existentes para is_current = False
2025-04-04 18:00:26,677 - app.routes.basic_data - INFO - Registro existente encontrado para 12/2025
2025-04-04 18:00:26,678 - app.routes.basic_data - INFO - Alteração detectada: Faturamento com Vendas de R$ 321312,00 para R$ 65000,00
2025-04-04 18:00:26,679 - app.routes.basic_data - INFO - Alteração detectada: É o Atual de Não para Sim
2025-04-04 18:00:26,679 - app.routes.basic_data - INFO - Alterações detectadas: ['Faturamento com Vendas alterado de R$ 321312,00 para R$ 65000,00', 'É o Atual alterado de Não para Sim']
2025-04-04 18:00:26,680 - app.routes.basic_data - INFO - Log adicionado: Faturamento com Vendas alterado de R$ 321312,00 para R$ 65000,00
2025-04-04 18:00:26,680 - app.routes.basic_data - INFO - Log adicionado: É o Atual alterado de Não para Sim
2025-04-04 18:00:26,680 - app.routes.basic_data - INFO - Campo clients_served atualizado para 10
2025-04-04 18:00:26,681 - app.routes.basic_data - INFO - Campo sales_revenue atualizado para 65000.0
2025-04-04 18:00:26,681 - app.routes.basic_data - INFO - Campo sales_expenses atualizado para 23131.0
2025-04-04 18:00:26,681 - app.routes.basic_data - INFO - Campo input_product_expenses atualizado para 312.0
2025-04-04 18:00:26,682 - app.routes.basic_data - INFO - Campo fixed_costs atualizado para None
2025-04-04 18:00:26,682 - app.routes.basic_data - INFO - Campo ideal_profit_margin atualizado para None
2025-04-04 18:00:26,682 - app.routes.basic_data - INFO - Campo service_capacity atualizado para None
2025-04-04 18:00:26,683 - app.routes.basic_data - INFO - Campo pro_labore atualizado para 312.0
2025-04-04 18:00:26,683 - app.routes.basic_data - INFO - Campo work_hours_per_week atualizado para 312.0
2025-04-04 18:00:26,683 - app.routes.basic_data - INFO - Campo other_fixed_costs atualizado para 321.0
2025-04-04 18:00:26,683 - app.routes.basic_data - INFO - Campo ideal_service_profit_margin atualizado para 312.0
2025-04-04 18:00:26,683 - app.routes.basic_data - INFO - Campo is_current atualizado para True
2025-04-04 18:00:26,689 - app.routes.basic_data - INFO - Dados salvos com sucesso
2025-04-04 18:00:28,158 - app.routes.basic_data - INFO - Buscando logs para basic_data_id: 8
2025-04-04 18:00:28,158 - app.routes.basic_data - INFO - Valores atuais: sales_revenue=65000.0, sales_expenses=23131.0
2025-04-04 18:00:36,354 - app.routes.basic_data - INFO - Processando dados básicos para usuário 2
2025-04-04 18:00:36,354 - app.routes.basic_data - INFO - Atualizando registros existentes para is_current = False
2025-04-04 18:00:36,359 - app.routes.basic_data - INFO - Registro existente encontrado para 12/2025
2025-04-04 18:00:36,359 - app.routes.basic_data - INFO - Alteração detectada: Margem de Lucro Ideal (Serviços) de 312.0 para 20.0
2025-04-04 18:00:36,359 - app.routes.basic_data - INFO - Alteração detectada: É o Atual de Não para Sim
2025-04-04 18:00:36,360 - app.routes.basic_data - INFO - Alterações detectadas: ['Margem de Lucro Ideal (Serviços) alterado de 312.0 para 20.0', 'É o Atual alterado de Não para Sim']
2025-04-04 18:00:36,360 - app.routes.basic_data - INFO - Log adicionado: Margem de Lucro Ideal (Serviços) alterado de 312.0 para 20.0
2025-04-04 18:00:36,360 - app.routes.basic_data - INFO - Log adicionado: É o Atual alterado de Não para Sim
2025-04-04 18:00:36,360 - app.routes.basic_data - INFO - Campo clients_served atualizado para 10
2025-04-04 18:00:36,360 - app.routes.basic_data - INFO - Campo sales_revenue atualizado para 65000.0
2025-04-04 18:00:36,360 - app.routes.basic_data - INFO - Campo sales_expenses atualizado para 23131.0
2025-04-04 18:00:36,360 - app.routes.basic_data - INFO - Campo input_product_expenses atualizado para 312.0
2025-04-04 18:00:36,360 - app.routes.basic_data - INFO - Campo fixed_costs atualizado para None
2025-04-04 18:00:36,361 - app.routes.basic_data - INFO - Campo ideal_profit_margin atualizado para None
2025-04-04 18:00:36,361 - app.routes.basic_data - INFO - Campo service_capacity atualizado para None
2025-04-04 18:00:36,361 - app.routes.basic_data - INFO - Campo pro_labore atualizado para 312.0
2025-04-04 18:00:36,361 - app.routes.basic_data - INFO - Campo work_hours_per_week atualizado para 312.0
2025-04-04 18:00:36,361 - app.routes.basic_data - INFO - Campo other_fixed_costs atualizado para 321.0
2025-04-04 18:00:36,361 - app.routes.basic_data - INFO - Campo ideal_service_profit_margin atualizado para 20.0
2025-04-04 18:00:36,361 - app.routes.basic_data - INFO - Campo is_current atualizado para True
2025-04-04 18:00:36,366 - app.routes.basic_data - INFO - Dados salvos com sucesso
2025-04-04 18:00:39,181 - app.routes.basic_data - INFO - Buscando logs para basic_data_id: 8
2025-04-04 18:00:39,182 - app.routes.basic_data - INFO - Valores atuais: sales_revenue=65000.0, sales_expenses=23131.0
2025-04-04 18:00:50,948 - app.routes.basic_data - INFO - Processando dados básicos para usuário 2
2025-04-04 18:00:50,948 - app.routes.basic_data - INFO - Atualizando registros existentes para is_current = False
2025-04-04 18:00:50,951 - app.routes.basic_data - INFO - Registro existente encontrado para 12/2025
2025-04-04 18:00:50,951 - app.routes.basic_data - INFO - Alteração detectada: Pró-labore de R$ 312,00 para R$ 5000,00
2025-04-04 18:00:50,951 - app.routes.basic_data - INFO - Alteração detectada: Horas de Trabalho por Semana de 312.0 para 200.0
2025-04-04 18:00:50,951 - app.routes.basic_data - INFO - Alteração detectada: Demais Custos Fixos de R$ 321,00 para R$ 3500,00
2025-04-04 18:00:50,951 - app.routes.basic_data - INFO - Alteração detectada: É o Atual de Não para Sim
2025-04-04 18:00:50,951 - app.routes.basic_data - INFO - Alterações detectadas: ['Pró-labore alterado de R$ 312,00 para R$ 5000,00', 'Horas de Trabalho por Semana alterado de 312.0 para 200.0', 'Demais Custos Fixos alterado de R$ 321,00 para R$ 3500,00', 'É o Atual alterado de Não para Sim']
2025-04-04 18:00:50,951 - app.routes.basic_data - INFO - Log adicionado: Pró-labore alterado de R$ 312,00 para R$ 5000,00
2025-04-04 18:00:50,951 - app.routes.basic_data - INFO - Log adicionado: Horas de Trabalho por Semana alterado de 312.0 para 200.0
2025-04-04 18:00:50,951 - app.routes.basic_data - INFO - Log adicionado: Demais Custos Fixos alterado de R$ 321,00 para R$ 3500,00
2025-04-04 18:00:50,951 - app.routes.basic_data - INFO - Log adicionado: É o Atual alterado de Não para Sim
2025-04-04 18:00:50,951 - app.routes.basic_data - INFO - Campo clients_served atualizado para 10
2025-04-04 18:00:50,951 - app.routes.basic_data - INFO - Campo sales_revenue atualizado para 65000.0
2025-04-04 18:00:50,951 - app.routes.basic_data - INFO - Campo sales_expenses atualizado para 23131.0
2025-04-04 18:00:50,951 - app.routes.basic_data - INFO - Campo input_product_expenses atualizado para 312.0
2025-04-04 18:00:50,952 - app.routes.basic_data - INFO - Campo fixed_costs atualizado para None
2025-04-04 18:00:50,952 - app.routes.basic_data - INFO - Campo ideal_profit_margin atualizado para None
2025-04-04 18:00:50,952 - app.routes.basic_data - INFO - Campo service_capacity atualizado para None
2025-04-04 18:00:50,952 - app.routes.basic_data - INFO - Campo pro_labore atualizado para 5000.0
2025-04-04 18:00:50,952 - app.routes.basic_data - INFO - Campo work_hours_per_week atualizado para 200.0
2025-04-04 18:00:50,952 - app.routes.basic_data - INFO - Campo other_fixed_costs atualizado para 3500.0
2025-04-04 18:00:50,952 - app.routes.basic_data - INFO - Campo ideal_service_profit_margin atualizado para 20.0
2025-04-04 18:00:50,952 - app.routes.basic_data - INFO - Campo is_current atualizado para True
2025-04-04 18:00:50,955 - app.routes.basic_data - INFO - Dados salvos com sucesso
