2025-11-21 21:46:18,163 - app.routes.basic_data - INFO - Dados básicos encontrados: 1 registros
2025-11-21 21:46:18,163 - app.routes.basic_data - INFO - Registro ID 1: month=10, year=2025, clients_served=33
2025-11-21 21:46:18,164 - app.routes.basic_data - INFO - Valores monetários brutos: sales_revenue=1500.0, sales_expenses=32.0, input_product_expenses=32.0
2025-11-21 21:46:18,164 - app.routes.basic_data - INFO - Valores monetários brutos: fixed_costs=None, pro_labore=None, other_fixed_costs=32.0
2025-11-21 21:46:18,164 - app.routes.basic_data - INFO - Valores formatados: sales_revenue=150.0, sales_expenses=3.2, input_product_expenses=3.2
2025-11-21 21:46:18,164 - app.routes.basic_data - INFO - Valores formatados: fixed_costs=None, pro_labore=None, other_fixed_costs=3.2
2025-11-21 21:46:36,299 - app.routes.basic_data - INFO - Dados básicos encontrados: 1 registros
2025-11-21 21:46:36,303 - app.routes.basic_data - INFO - Registro ID 1: month=10, year=2025, clients_served=33
2025-11-21 21:46:36,303 - app.routes.basic_data - INFO - Valores monetários brutos: sales_revenue=1500.0, sales_expenses=32.0, input_product_expenses=32.0
2025-11-21 21:46:36,303 - app.routes.basic_data - INFO - Valores monetários brutos: fixed_costs=None, pro_labore=None, other_fixed_costs=32.0
2025-11-21 21:46:36,303 - app.routes.basic_data - INFO - Valores formatados: sales_revenue=150.0, sales_expenses=3.2, input_product_expenses=3.2
2025-11-21 21:46:36,304 - app.routes.basic_data - INFO - Valores formatados: fixed_costs=None, pro_labore=None, other_fixed_costs=3.2
2025-11-21 22:04:03,208 - app.routes.basic_data - INFO - Dados básicos encontrados: 1 registros
2025-11-21 22:04:03,208 - app.routes.basic_data - INFO - Registro ID 1: month=10, year=2025, clients_served=33
2025-11-21 22:04:03,208 - app.routes.basic_data - INFO - Valores monetários brutos: sales_revenue=1500.0, sales_expenses=32.0, input_product_expenses=32.0
2025-11-21 22:04:03,209 - app.routes.basic_data - INFO - Valores monetários brutos: fixed_costs=None, pro_labore=None, other_fixed_costs=32.0
2025-11-21 22:04:03,209 - app.routes.basic_data - INFO - Valores formatados: sales_revenue=150.0, sales_expenses=3.2, input_product_expenses=3.2
2025-11-21 22:04:03,209 - app.routes.basic_data - INFO - Valores formatados: fixed_costs=None, pro_labore=None, other_fixed_costs=3.2
2025-11-21 22:56:09,600 - app.routes.basic_data - INFO - Dados básicos encontrados: 1 registros
2025-11-21 22:56:09,602 - app.routes.basic_data - INFO - Registro ID 1: month=10, year=2025, clients_served=33
2025-11-21 22:56:09,602 - app.routes.basic_data - INFO - Valores monetários brutos: sales_revenue=1500.0, sales_expenses=32.0, input_product_expenses=32.0
2025-11-21 22:56:09,602 - app.routes.basic_data - INFO - Valores monetários brutos: fixed_costs=None, pro_labore=None, other_fixed_costs=32.0
2025-11-21 22:56:09,602 - app.routes.basic_data - INFO - Valores formatados: sales_revenue=150.0, sales_expenses=3.2, input_product_expenses=3.2
2025-11-21 22:56:09,603 - app.routes.basic_data - INFO - Valores formatados: fixed_costs=None, pro_labore=None, other_fixed_costs=3.2
2025-11-21 22:56:45,813 - app.routes.basic_data_operations - INFO - Alteração detectada: Quantidade de Clientes Atendidos de 33 para 100
2025-11-21 22:56:45,814 - app.routes.basic_data_operations - INFO - Alteração detectada: Faturamento com Vendas de R$ 1.500,00 para R$ 10.000,00
2025-11-21 22:56:45,815 - app.routes.basic_data_operations - INFO - Alteração detectada: Gastos com Vendas de R$ 32,00 para R$ 1.000,00
2025-11-21 22:56:45,815 - app.routes.basic_data_operations - INFO - Alteração detectada: Gastos com Insumos e Produtos de R$ 32,00 para R$ 1.000,00
2025-11-21 22:56:45,815 - app.routes.basic_data_operations - INFO - Alteração detectada: Capacidade de Atendimento de 3 para 150
2025-11-21 22:56:45,816 - app.routes.basic_data_operations - INFO - Alteração detectada: Demais Custos Fixos de R$ 32,00 para R$ 1.000,00
2025-11-21 22:56:45,816 - app.routes.basic_data_operations - INFO - Alteração detectada: Margem de Lucro Ideal de 23 para 30
2025-11-21 22:56:45,816 - app.routes.basic_data_operations - INFO - Alteração detectada: É o Atual de Sim para Não
2025-11-21 22:56:45,876 - app.routes.basic_data - INFO - Dados básicos encontrados: 1 registros
2025-11-21 22:56:45,876 - app.routes.basic_data - INFO - Registro ID 1: month=10, year=2025, clients_served=100
2025-11-21 22:56:45,876 - app.routes.basic_data - INFO - Valores monetários brutos: sales_revenue=10000.0, sales_expenses=1000.0, input_product_expenses=1000.0
2025-11-21 22:56:45,877 - app.routes.basic_data - INFO - Valores monetários brutos: fixed_costs=None, pro_labore=None, other_fixed_costs=1000.0
2025-11-21 22:56:45,877 - app.routes.basic_data - INFO - Valores formatados: sales_revenue=1000.0, sales_expenses=100.0, input_product_expenses=100.0
2025-11-21 22:56:45,877 - app.routes.basic_data - INFO - Valores formatados: fixed_costs=None, pro_labore=None, other_fixed_costs=100.0
2025-11-21 22:58:34,924 - app.routes.basic_data - INFO - Dados básicos encontrados: 1 registros
2025-11-21 22:58:34,924 - app.routes.basic_data - INFO - Registro ID 1: month=10, year=2025, clients_served=100
2025-11-21 22:58:34,925 - app.routes.basic_data - INFO - Valores monetários brutos: sales_revenue=10000.0, sales_expenses=1000.0, input_product_expenses=1000.0
2025-11-21 22:58:34,925 - app.routes.basic_data - INFO - Valores monetários brutos: fixed_costs=None, pro_labore=None, other_fixed_costs=1000.0
2025-11-21 22:58:34,925 - app.routes.basic_data - INFO - Valores formatados: sales_revenue=1000.0, sales_expenses=100.0, input_product_expenses=100.0
2025-11-21 22:58:34,925 - app.routes.basic_data - INFO - Valores formatados: fixed_costs=None, pro_labore=None, other_fixed_costs=100.0
2025-11-21 23:01:28,366 - app.routes.basic_data - INFO - Dados básicos encontrados: 1 registros
2025-11-21 23:01:28,366 - app.routes.basic_data - INFO - Registro ID 1: month=10, year=2025, clients_served=100
2025-11-21 23:01:28,367 - app.routes.basic_data - INFO - Valores monetários brutos: sales_revenue=10000.0, sales_expenses=1000.0, input_product_expenses=1000.0
2025-11-21 23:01:28,367 - app.routes.basic_data - INFO - Valores monetários brutos: fixed_costs=None, pro_labore=None, other_fixed_costs=1000.0
2025-11-21 23:01:28,367 - app.routes.basic_data - INFO - Valores formatados: sales_revenue=1000.0, sales_expenses=100.0, input_product_expenses=100.0
2025-11-21 23:01:28,367 - app.routes.basic_data - INFO - Valores formatados: fixed_costs=None, pro_labore=None, other_fixed_costs=100.0
