2025-07-12 19:55:12,266 - app.routes.basic_data - INFO - Dados básicos encontrados: 1 registros
2025-07-12 19:55:12,266 - app.routes.basic_data - INFO - Registro ID 11: month=7, year=2025, clients_served=3
2025-07-12 19:55:12,266 - app.routes.basic_data - INFO - Valores monetários brutos: sales_revenue=3.0, sales_expenses=3.0, input_product_expenses=3.0
2025-07-12 19:55:12,267 - app.routes.basic_data - INFO - Valores monetários brutos: fixed_costs=None, pro_labore=3.0, other_fixed_costs=3.0
2025-07-12 19:55:12,267 - app.routes.basic_data - INFO - Valores formatados: sales_revenue=0.3, sales_expenses=0.3, input_product_expenses=0.3
2025-07-12 19:55:12,267 - app.routes.basic_data - INFO - Valores formatados: fixed_costs=None, pro_labore=0.3, other_fixed_costs=0.3
2025-07-12 19:56:32,671 - app.routes.basic_data_operations - INFO - Alteração detectada: É o Atual de Sim para Não
2025-07-12 19:56:32,695 - app.routes.basic_data - INFO - Dados básicos encontrados: 1 registros
2025-07-12 19:56:32,695 - app.routes.basic_data - INFO - Registro ID 11: month=7, year=2025, clients_served=3
2025-07-12 19:56:32,695 - app.routes.basic_data - INFO - Valores monetários brutos: sales_revenue=3.0, sales_expenses=3.0, input_product_expenses=3.0
2025-07-12 19:56:32,695 - app.routes.basic_data - INFO - Valores monetários brutos: fixed_costs=None, pro_labore=3.0, other_fixed_costs=3.0
2025-07-12 19:56:32,695 - app.routes.basic_data - INFO - Valores formatados: sales_revenue=0.3, sales_expenses=0.3, input_product_expenses=0.3
2025-07-12 19:56:32,696 - app.routes.basic_data - INFO - Valores formatados: fixed_costs=None, pro_labore=0.3, other_fixed_costs=0.3
2025-07-12 19:56:42,994 - app.routes.basic_data - INFO - Dados básicos encontrados: 1 registros
2025-07-12 19:56:42,994 - app.routes.basic_data - INFO - Registro ID 11: month=7, year=2025, clients_served=3
2025-07-12 19:56:42,994 - app.routes.basic_data - INFO - Valores monetários brutos: sales_revenue=3.0, sales_expenses=3.0, input_product_expenses=3.0
2025-07-12 19:56:42,994 - app.routes.basic_data - INFO - Valores monetários brutos: fixed_costs=None, pro_labore=3.0, other_fixed_costs=3.0
2025-07-12 19:56:42,995 - app.routes.basic_data - INFO - Valores formatados: sales_revenue=0.3, sales_expenses=0.3, input_product_expenses=0.3
2025-07-12 19:56:42,995 - app.routes.basic_data - INFO - Valores formatados: fixed_costs=None, pro_labore=0.3, other_fixed_costs=0.3
2025-07-12 19:56:51,165 - app.routes.basic_data - INFO - Dados básicos encontrados: 1 registros
2025-07-12 19:56:51,165 - app.routes.basic_data - INFO - Registro ID 11: month=7, year=2025, clients_served=3
2025-07-12 19:56:51,166 - app.routes.basic_data - INFO - Valores monetários brutos: sales_revenue=3.0, sales_expenses=3.0, input_product_expenses=3.0
2025-07-12 19:56:51,166 - app.routes.basic_data - INFO - Valores monetários brutos: fixed_costs=None, pro_labore=3.0, other_fixed_costs=3.0
2025-07-12 19:56:51,167 - app.routes.basic_data - INFO - Valores formatados: sales_revenue=0.3, sales_expenses=0.3, input_product_expenses=0.3
2025-07-12 19:56:51,167 - app.routes.basic_data - INFO - Valores formatados: fixed_costs=None, pro_labore=0.3, other_fixed_costs=0.3
2025-07-12 20:02:19,660 - app.routes.basic_data - INFO - Dados básicos encontrados: 1 registros
2025-07-12 20:02:19,660 - app.routes.basic_data - INFO - Registro ID 11: month=7, year=2025, clients_served=3
2025-07-12 20:02:19,660 - app.routes.basic_data - INFO - Valores monetários brutos: sales_revenue=3.0, sales_expenses=3.0, input_product_expenses=3.0
2025-07-12 20:02:19,660 - app.routes.basic_data - INFO - Valores monetários brutos: fixed_costs=None, pro_labore=3.0, other_fixed_costs=3.0
2025-07-12 20:02:19,660 - app.routes.basic_data - INFO - Valores formatados: sales_revenue=0.3, sales_expenses=0.3, input_product_expenses=0.3
2025-07-12 20:02:19,661 - app.routes.basic_data - INFO - Valores formatados: fixed_costs=None, pro_labore=0.3, other_fixed_costs=0.3
2025-07-12 20:03:30,344 - app.routes.basic_data - INFO - Dados básicos encontrados: 1 registros
2025-07-12 20:03:30,344 - app.routes.basic_data - INFO - Registro ID 11: month=7, year=2025, clients_served=3
2025-07-12 20:03:30,345 - app.routes.basic_data - INFO - Valores monetários brutos: sales_revenue=3.0, sales_expenses=3.0, input_product_expenses=3.0
2025-07-12 20:03:30,345 - app.routes.basic_data - INFO - Valores monetários brutos: fixed_costs=None, pro_labore=3.0, other_fixed_costs=3.0
2025-07-12 20:03:30,345 - app.routes.basic_data - INFO - Valores formatados: sales_revenue=0.3, sales_expenses=0.3, input_product_expenses=0.3
2025-07-12 20:03:30,346 - app.routes.basic_data - INFO - Valores formatados: fixed_costs=None, pro_labore=0.3, other_fixed_costs=0.3
2025-07-12 20:06:32,218 - app.routes.basic_data - INFO - Dados básicos encontrados: 0 registros
2025-07-12 20:09:52,497 - app.routes.basic_data - INFO - Dados básicos encontrados: 1 registros
2025-07-12 20:09:52,498 - app.routes.basic_data - INFO - Registro ID 12: month=7, year=2025, clients_served=3
2025-07-12 20:09:52,498 - app.routes.basic_data - INFO - Valores monetários brutos: sales_revenue=3.0, sales_expenses=3.0, input_product_expenses=3.0
2025-07-12 20:09:52,498 - app.routes.basic_data - INFO - Valores monetários brutos: fixed_costs=None, pro_labore=3.0, other_fixed_costs=3.0
2025-07-12 20:09:52,498 - app.routes.basic_data - INFO - Valores formatados: sales_revenue=0.3, sales_expenses=0.3, input_product_expenses=0.3
2025-07-12 20:09:52,499 - app.routes.basic_data - INFO - Valores formatados: fixed_costs=None, pro_labore=0.3, other_fixed_costs=0.3
2025-07-12 20:16:28,397 - app.routes.basic_data - INFO - Dados básicos encontrados: 2 registros
2025-07-12 20:16:28,398 - app.routes.basic_data - INFO - Registro ID 12: month=7, year=2025, clients_served=3
2025-07-12 20:16:28,398 - app.routes.basic_data - INFO - Valores monetários brutos: sales_revenue=3.0, sales_expenses=3.0, input_product_expenses=3.0
2025-07-12 20:16:28,398 - app.routes.basic_data - INFO - Valores monetários brutos: fixed_costs=None, pro_labore=3.0, other_fixed_costs=3.0
2025-07-12 20:16:28,398 - app.routes.basic_data - INFO - Valores formatados: sales_revenue=0.3, sales_expenses=0.3, input_product_expenses=0.3
2025-07-12 20:16:28,398 - app.routes.basic_data - INFO - Valores formatados: fixed_costs=None, pro_labore=0.3, other_fixed_costs=0.3
2025-07-12 20:16:28,399 - app.routes.basic_data - INFO - Registro ID 13: month=6, year=2025, clients_served=2
2025-07-12 20:16:28,399 - app.routes.basic_data - INFO - Valores monetários brutos: sales_revenue=2.0, sales_expenses=2.0, input_product_expenses=2.0
2025-07-12 20:16:28,399 - app.routes.basic_data - INFO - Valores monetários brutos: fixed_costs=None, pro_labore=2.0, other_fixed_costs=2.0
2025-07-12 20:16:28,399 - app.routes.basic_data - INFO - Valores formatados: sales_revenue=0.2, sales_expenses=0.2, input_product_expenses=0.2
2025-07-12 20:16:28,399 - app.routes.basic_data - INFO - Valores formatados: fixed_costs=None, pro_labore=0.2, other_fixed_costs=0.2
