2025-04-07 18:00:01,240 - app.routes.basic_data - INFO - Processando dados básicos para usuário 2 em modo edição
2025-04-07 18:00:01,241 - app.routes.basic_data - INFO - Modo de edição ativado para mês 12/2025
2025-04-07 18:00:01,246 - app.routes.basic_data - INFO - Alteração detectada: Gastos com Insumos e Produtos de R$ 5000000000,00 para R$ 500000,00
2025-04-07 18:00:01,246 - app.routes.basic_data - INFO - Alteração detectada: Pró-labore de R$ 5000000000,00 para R$ 500000,00
2025-04-07 18:00:01,246 - app.routes.basic_data - INFO - Alteração detectada: Demais Custos Fixos de R$ 5000000000,00 para R$ 500000,00
2025-04-07 18:16:40,472 - app.routes.basic_data_operations - INFO - Processando dados básicos para usuário 2 em modo criação
2025-04-07 18:16:40,472 - app.routes.basic_data_operations - INFO - Verificando se já existe registro para mês 8/2025
2025-04-07 18:16:40,485 - app.routes.basic_data_operations - INFO - Criando novo registro para mês 8/2025
2025-04-07 18:16:40,490 - app.routes.basic_data_operations - INFO - Processando dados básicos para usuário 2 em modo criação
2025-04-07 18:16:40,490 - app.routes.basic_data_operations - INFO - Verificando se já existe registro para mês 8/2025
2025-04-07 18:16:40,494 - app.routes.basic_data_operations - WARNING - Já existe registro para mês 8/2025
2025-04-07 18:17:47,257 - app.routes.basic_data_operations - INFO - Processando dados básicos para usuário 2 em modo criação
2025-04-07 18:17:47,257 - app.routes.basic_data_operations - INFO - Verificando se já existe registro para mês 4/2025
2025-04-07 18:17:47,267 - app.routes.basic_data_operations - INFO - Criando novo registro para mês 4/2025
2025-04-07 18:17:47,269 - app.routes.basic_data_operations - INFO - Processando dados básicos para usuário 2 em modo criação
2025-04-07 18:17:47,269 - app.routes.basic_data_operations - INFO - Verificando se já existe registro para mês 4/2025
2025-04-07 18:17:47,273 - app.routes.basic_data_operations - WARNING - Já existe registro para mês 4/2025
2025-04-07 18:19:21,011 - app.routes.basic_data_operations - INFO - Processando dados básicos para usuário 2 em modo criação
2025-04-07 18:19:21,011 - app.routes.basic_data_operations - INFO - Verificando se já existe registro para mês 6/2025
2025-04-07 18:19:21,013 - app.routes.basic_data_operations - INFO - Criando novo registro para mês 6/2025
2025-04-07 18:19:40,814 - app.routes.basic_data_operations - INFO - Processando dados básicos para usuário 2 em modo edição
2025-04-07 18:19:40,814 - app.routes.basic_data_operations - INFO - Modo de edição ativado para mês 6/2025
2025-04-07 18:19:40,817 - app.routes.basic_data_operations - INFO - Alteração detectada: Faturamento com Vendas de R$ 200000,00 para R$ 20000000,00
2025-04-07 18:19:40,817 - app.routes.basic_data_operations - INFO - Alteração detectada: Gastos com Vendas de R$ 200000,00 para R$ 20000000,00
2025-04-07 18:19:40,817 - app.routes.basic_data_operations - INFO - Alteração detectada: Gastos com Insumos e Produtos de R$ 200000,00 para R$ 20000000,00
2025-04-07 18:19:40,817 - app.routes.basic_data_operations - INFO - Alteração detectada: Pró-labore de R$ 200000,00 para R$ 20000000,00
2025-04-07 18:19:40,817 - app.routes.basic_data_operations - INFO - Alteração detectada: Demais Custos Fixos de R$ 200000,00 para R$ 20000000,00
2025-04-07 18:24:24,831 - app.routes.basic_data_operations - INFO - Processando dados básicos para usuário 2 em modo criação
2025-04-07 18:24:24,831 - app.routes.basic_data_operations - INFO - Verificando se já existe registro para mês 4/2025
2025-04-07 18:24:24,836 - app.routes.basic_data_operations - INFO - Criando novo registro para mês 4/2025
2025-04-07 18:24:24,852 - app.routes.basic_data_operations - INFO - Processando dados básicos para usuário 2 em modo criação
2025-04-07 18:24:24,853 - app.routes.basic_data_operations - INFO - Verificando se já existe registro para mês 4/2025
2025-04-07 18:24:24,856 - app.routes.basic_data_operations - WARNING - Já existe registro para mês 4/2025
2025-04-07 18:26:53,950 - app.routes.basic_data_operations - INFO - Processando dados básicos para usuário 2 em modo criação
2025-04-07 18:26:53,951 - app.routes.basic_data_operations - INFO - Valores recebidos: month=4, year=2025, clients_served=505
2025-04-07 18:26:53,951 - app.routes.basic_data_operations - INFO - Valores monetários: sales_revenue=5000.00 -> 500000.0
2025-04-07 18:26:53,951 - app.routes.basic_data_operations - INFO - Valores monetários: sales_expenses=5000.00 -> 500000.0
2025-04-07 18:26:53,951 - app.routes.basic_data_operations - INFO - Valores monetários: input_product_expenses=5000.00 -> 500000.0
2025-04-07 18:26:53,952 - app.routes.basic_data_operations - INFO - Valores monetários: fixed_costs=None -> None
2025-04-07 18:26:53,952 - app.routes.basic_data_operations - INFO - Valores monetários: pro_labore=5000.00 -> 500000.0
2025-04-07 18:26:53,952 - app.routes.basic_data_operations - INFO - Valores monetários: other_fixed_costs=5000.00 -> 500000.0
2025-04-07 18:26:53,952 - app.routes.basic_data_operations - INFO - Verificando se já existe registro para mês 4/2025
2025-04-07 18:26:53,957 - app.routes.basic_data_operations - INFO - Criando novo registro para mês 4/2025
2025-04-07 18:26:53,974 - app.routes.basic_data_operations - INFO - Processando dados básicos para usuário 2 em modo criação
2025-04-07 18:26:53,975 - app.routes.basic_data_operations - INFO - Valores recebidos: month=4, year=2025, clients_served=505
2025-04-07 18:26:53,975 - app.routes.basic_data_operations - INFO - Valores monetários: sales_revenue=5000.00 -> 500000.0
2025-04-07 18:26:53,975 - app.routes.basic_data_operations - INFO - Valores monetários: sales_expenses=5000.00 -> 500000.0
2025-04-07 18:26:53,975 - app.routes.basic_data_operations - INFO - Valores monetários: input_product_expenses=5000.00 -> 500000.0
2025-04-07 18:26:53,975 - app.routes.basic_data_operations - INFO - Valores monetários: fixed_costs=None -> None
2025-04-07 18:26:53,975 - app.routes.basic_data_operations - INFO - Valores monetários: pro_labore=5000.00 -> 500000.0
2025-04-07 18:26:53,975 - app.routes.basic_data_operations - INFO - Valores monetários: other_fixed_costs=5000.00 -> 500000.0
2025-04-07 18:26:53,975 - app.routes.basic_data_operations - INFO - Verificando se já existe registro para mês 4/2025
2025-04-07 18:26:53,977 - app.routes.basic_data_operations - INFO - Registro criado com sucesso. ID: 13
2025-04-07 18:26:53,977 - app.routes.basic_data_operations - INFO - Redirecionando para /basic-data/
2025-04-07 18:26:53,979 - app.routes.basic_data_operations - WARNING - Já existe registro para mês 4/2025
2025-04-07 18:27:57,676 - app.routes.basic_data_operations - INFO - Processando dados básicos para usuário 2 em modo criação
2025-04-07 18:27:57,676 - app.routes.basic_data_operations - INFO - Valores recebidos: month=4, year=2025, clients_served=5
2025-04-07 18:27:57,676 - app.routes.basic_data_operations - INFO - Valores monetários: sales_revenue=5000.00 -> 500000.0
2025-04-07 18:27:57,677 - app.routes.basic_data_operations - INFO - Valores monetários: sales_expenses=5000.00 -> 500000.0
2025-04-07 18:27:57,677 - app.routes.basic_data_operations - INFO - Valores monetários: input_product_expenses=5000.00 -> 500000.0
2025-04-07 18:27:57,677 - app.routes.basic_data_operations - INFO - Valores monetários: fixed_costs=None -> None
2025-04-07 18:27:57,677 - app.routes.basic_data_operations - INFO - Valores monetários: pro_labore=5000.00 -> 500000.0
2025-04-07 18:27:57,677 - app.routes.basic_data_operations - INFO - Valores monetários: other_fixed_costs=5000.00 -> 500000.0
2025-04-07 18:27:57,678 - app.routes.basic_data_operations - INFO - Verificando se já existe registro para mês 4/2025
2025-04-07 18:27:57,687 - app.routes.basic_data_operations - INFO - Criando novo registro para mês 4/2025
2025-04-07 18:27:57,690 - app.routes.basic_data_operations - INFO - Processando dados básicos para usuário 2 em modo criação
2025-04-07 18:27:57,690 - app.routes.basic_data_operations - INFO - Valores recebidos: month=4, year=2025, clients_served=5
2025-04-07 18:27:57,690 - app.routes.basic_data_operations - INFO - Valores monetários: sales_revenue=5000.00 -> 500000.0
2025-04-07 18:27:57,690 - app.routes.basic_data_operations - INFO - Valores monetários: sales_expenses=5000.00 -> 500000.0
2025-04-07 18:27:57,691 - app.routes.basic_data_operations - INFO - Valores monetários: input_product_expenses=5000.00 -> 500000.0
2025-04-07 18:27:57,691 - app.routes.basic_data_operations - INFO - Valores monetários: fixed_costs=None -> None
2025-04-07 18:27:57,691 - app.routes.basic_data_operations - INFO - Valores monetários: pro_labore=5000.00 -> 500000.0
2025-04-07 18:27:57,691 - app.routes.basic_data_operations - INFO - Valores monetários: other_fixed_costs=5000.00 -> 500000.0
2025-04-07 18:27:57,691 - app.routes.basic_data_operations - INFO - Verificando se já existe registro para mês 4/2025
2025-04-07 18:27:57,694 - app.routes.basic_data_operations - INFO - Criando novo registro para mês 4/2025
2025-04-07 18:27:57,700 - app.routes.basic_data_operations - INFO - Registro criado com sucesso. ID: 13
2025-04-07 18:27:57,701 - app.routes.basic_data_operations - INFO - Redirecionando para /basic-data/
2025-04-07 18:27:57,703 - app.routes.basic_data_operations - INFO - Registro criado com sucesso. ID: 14
2025-04-07 18:27:57,703 - app.routes.basic_data_operations - INFO - Redirecionando para /basic-data/
2025-04-07 18:30:29,927 - app.routes.basic_data - ERROR - Erro ao buscar dados básicos: 'NoneType' object has no attribute 'id'
2025-04-07 18:31:00,624 - app.routes.basic_data - INFO - Dados básicos encontrados: 2 registros
2025-04-07 18:31:00,624 - app.routes.basic_data - INFO - Registro ID 13: month=4, year=2025, clients_served=5
2025-04-07 18:31:00,624 - app.routes.basic_data - INFO - Valores monetários brutos: sales_revenue=500000.0, sales_expenses=500000.0, input_product_expenses=500000.0
2025-04-07 18:31:00,624 - app.routes.basic_data - INFO - Valores monetários brutos: fixed_costs=None, pro_labore=500000.0, other_fixed_costs=500000.0
2025-04-07 18:31:00,625 - app.routes.basic_data - INFO - Valores formatados: sales_revenue=50000.0, sales_expenses=50000.0, input_product_expenses=50000.0
2025-04-07 18:31:00,625 - app.routes.basic_data - INFO - Valores formatados: fixed_costs=None, pro_labore=50000.0, other_fixed_costs=50000.0
2025-04-07 18:31:00,625 - app.routes.basic_data - INFO - Registro ID 14: month=4, year=2025, clients_served=5
2025-04-07 18:31:00,625 - app.routes.basic_data - INFO - Valores monetários brutos: sales_revenue=500000.0, sales_expenses=500000.0, input_product_expenses=500000.0
2025-04-07 18:31:00,625 - app.routes.basic_data - INFO - Valores monetários brutos: fixed_costs=None, pro_labore=500000.0, other_fixed_costs=500000.0
2025-04-07 18:31:00,625 - app.routes.basic_data - INFO - Valores formatados: sales_revenue=50000.0, sales_expenses=50000.0, input_product_expenses=50000.0
2025-04-07 18:31:00,625 - app.routes.basic_data - INFO - Valores formatados: fixed_costs=None, pro_labore=50000.0, other_fixed_costs=50000.0
2025-04-07 18:31:13,238 - app.routes.basic_data - INFO - Dados básicos encontrados: 2 registros
2025-04-07 18:31:13,238 - app.routes.basic_data - INFO - Registro ID 13: month=4, year=2025, clients_served=5
2025-04-07 18:31:13,238 - app.routes.basic_data - INFO - Valores monetários brutos: sales_revenue=500000.0, sales_expenses=500000.0, input_product_expenses=500000.0
2025-04-07 18:31:13,238 - app.routes.basic_data - INFO - Valores monetários brutos: fixed_costs=None, pro_labore=500000.0, other_fixed_costs=500000.0
2025-04-07 18:31:13,238 - app.routes.basic_data - INFO - Valores formatados: sales_revenue=50000.0, sales_expenses=50000.0, input_product_expenses=50000.0
2025-04-07 18:31:13,238 - app.routes.basic_data - INFO - Valores formatados: fixed_costs=None, pro_labore=50000.0, other_fixed_costs=50000.0
2025-04-07 18:31:13,239 - app.routes.basic_data - INFO - Registro ID 14: month=4, year=2025, clients_served=5
2025-04-07 18:31:13,239 - app.routes.basic_data - INFO - Valores monetários brutos: sales_revenue=500000.0, sales_expenses=500000.0, input_product_expenses=500000.0
2025-04-07 18:31:13,239 - app.routes.basic_data - INFO - Valores monetários brutos: fixed_costs=None, pro_labore=500000.0, other_fixed_costs=500000.0
2025-04-07 18:31:13,239 - app.routes.basic_data - INFO - Valores formatados: sales_revenue=50000.0, sales_expenses=50000.0, input_product_expenses=50000.0
2025-04-07 18:31:13,240 - app.routes.basic_data - INFO - Valores formatados: fixed_costs=None, pro_labore=50000.0, other_fixed_costs=50000.0
2025-04-07 18:31:16,553 - app.routes.basic_data - INFO - Dados básicos encontrados: 1 registros
2025-04-07 18:31:16,553 - app.routes.basic_data - INFO - Registro ID 13: month=4, year=2025, clients_served=5
2025-04-07 18:31:16,554 - app.routes.basic_data - INFO - Valores monetários brutos: sales_revenue=500000.0, sales_expenses=500000.0, input_product_expenses=500000.0
2025-04-07 18:31:16,554 - app.routes.basic_data - INFO - Valores monetários brutos: fixed_costs=None, pro_labore=500000.0, other_fixed_costs=500000.0
2025-04-07 18:31:16,554 - app.routes.basic_data - INFO - Valores formatados: sales_revenue=50000.0, sales_expenses=50000.0, input_product_expenses=50000.0
2025-04-07 18:31:16,554 - app.routes.basic_data - INFO - Valores formatados: fixed_costs=None, pro_labore=50000.0, other_fixed_costs=50000.0
2025-04-07 18:31:20,330 - app.routes.basic_data - INFO - Dados básicos encontrados: 0 registros
2025-04-07 18:31:41,684 - app.routes.basic_data_operations - INFO - Processando dados básicos para usuário 2 em modo criação
2025-04-07 18:31:41,684 - app.routes.basic_data_operations - INFO - Valores recebidos: month=4, year=2025, clients_served=50
2025-04-07 18:31:41,684 - app.routes.basic_data_operations - INFO - Valores monetários: sales_revenue=5000.00 -> 500000.0
2025-04-07 18:31:41,684 - app.routes.basic_data_operations - INFO - Valores monetários: sales_expenses=5000.00 -> 500000.0
2025-04-07 18:31:41,685 - app.routes.basic_data_operations - INFO - Valores monetários: input_product_expenses=5000.00 -> 500000.0
2025-04-07 18:31:41,685 - app.routes.basic_data_operations - INFO - Valores monetários: fixed_costs=None -> None
2025-04-07 18:31:41,685 - app.routes.basic_data_operations - INFO - Valores monetários: pro_labore=5000.00 -> 500000.0
2025-04-07 18:31:41,685 - app.routes.basic_data_operations - INFO - Valores monetários: other_fixed_costs=5000.00 -> 500000.0
2025-04-07 18:31:41,685 - app.routes.basic_data_operations - INFO - Verificando se já existe registro para mês 4/2025
2025-04-07 18:31:41,687 - app.routes.basic_data_operations - INFO - Criando novo registro para mês 4/2025
2025-04-07 18:31:41,700 - app.routes.basic_data_operations - INFO - Registro criado com sucesso. ID: 13
2025-04-07 18:31:41,700 - app.routes.basic_data_operations - INFO - Redirecionando para /basic-data/
2025-04-07 18:31:41,710 - app.routes.basic_data - INFO - Dados básicos encontrados: 1 registros
2025-04-07 18:31:41,710 - app.routes.basic_data - INFO - Registro ID 13: month=4, year=2025, clients_served=50
2025-04-07 18:31:41,710 - app.routes.basic_data - INFO - Valores monetários brutos: sales_revenue=500000.0, sales_expenses=500000.0, input_product_expenses=500000.0
2025-04-07 18:31:41,710 - app.routes.basic_data - INFO - Valores monetários brutos: fixed_costs=None, pro_labore=500000.0, other_fixed_costs=500000.0
2025-04-07 18:31:41,710 - app.routes.basic_data - INFO - Valores formatados: sales_revenue=50000.0, sales_expenses=50000.0, input_product_expenses=50000.0
2025-04-07 18:31:41,710 - app.routes.basic_data - INFO - Valores formatados: fixed_costs=None, pro_labore=50000.0, other_fixed_costs=50000.0
2025-04-07 18:33:29,234 - app.routes.basic_data - INFO - Dados básicos encontrados: 1 registros
2025-04-07 18:33:29,234 - app.routes.basic_data - INFO - Registro ID 13: month=4, year=2025, clients_served=50
2025-04-07 18:33:29,234 - app.routes.basic_data - INFO - Valores monetários brutos: sales_revenue=500000.0, sales_expenses=500000.0, input_product_expenses=500000.0
2025-04-07 18:33:29,234 - app.routes.basic_data - INFO - Valores monetários brutos: fixed_costs=None, pro_labore=500000.0, other_fixed_costs=500000.0
2025-04-07 18:33:29,234 - app.routes.basic_data - INFO - Valores formatados: sales_revenue=50000.0, sales_expenses=50000.0, input_product_expenses=50000.0
2025-04-07 18:33:29,234 - app.routes.basic_data - INFO - Valores formatados: fixed_costs=None, pro_labore=50000.0, other_fixed_costs=50000.0
2025-04-07 18:33:34,018 - app.routes.basic_data - INFO - Dados básicos encontrados: 0 registros
2025-04-07 18:33:58,395 - app.routes.basic_data_operations - INFO - Processando dados básicos para usuário 2 em modo criação
2025-04-07 18:33:58,396 - app.routes.basic_data_operations - INFO - Valores recebidos (antes da conversão):
2025-04-07 18:33:58,396 - app.routes.basic_data_operations - INFO - - sales_revenue: '5000.00'
2025-04-07 18:33:58,396 - app.routes.basic_data_operations - INFO - - sales_expenses: '5000.00'
2025-04-07 18:33:58,396 - app.routes.basic_data_operations - INFO - - input_product_expenses: '5000.00'
2025-04-07 18:33:58,396 - app.routes.basic_data_operations - INFO - - fixed_costs: 'None'
2025-04-07 18:33:58,396 - app.routes.basic_data_operations - INFO - - pro_labore: '5000.00'
2025-04-07 18:33:58,396 - app.routes.basic_data_operations - INFO - - other_fixed_costs: '5000.00'
2025-04-07 18:33:58,396 - app.routes.basic_data_operations - INFO - Valores convertidos (após a conversão):
2025-04-07 18:33:58,396 - app.routes.basic_data_operations - INFO - - sales_revenue_float: 500000.0
2025-04-07 18:33:58,397 - app.routes.basic_data_operations - INFO - - sales_expenses_float: 500000.0
2025-04-07 18:33:58,397 - app.routes.basic_data_operations - INFO - - input_product_expenses_float: 500000.0
2025-04-07 18:33:58,397 - app.routes.basic_data_operations - INFO - - fixed_costs_float: None
2025-04-07 18:33:58,397 - app.routes.basic_data_operations - INFO - - pro_labore_float: 500000.0
2025-04-07 18:33:58,397 - app.routes.basic_data_operations - INFO - - other_fixed_costs_float: 500000.0
2025-04-07 18:33:58,398 - app.routes.basic_data_operations - INFO - Valores recebidos: month=4, year=2025, clients_served=50
2025-04-07 18:33:58,398 - app.routes.basic_data_operations - INFO - Valores monetários: sales_revenue=5000.00 -> 500000.0
2025-04-07 18:33:58,398 - app.routes.basic_data_operations - INFO - Valores monetários: sales_expenses=5000.00 -> 500000.0
2025-04-07 18:33:58,398 - app.routes.basic_data_operations - INFO - Valores monetários: input_product_expenses=5000.00 -> 500000.0
2025-04-07 18:33:58,398 - app.routes.basic_data_operations - INFO - Valores monetários: fixed_costs=None -> None
2025-04-07 18:33:58,399 - app.routes.basic_data_operations - INFO - Valores monetários: pro_labore=5000.00 -> 500000.0
2025-04-07 18:33:58,399 - app.routes.basic_data_operations - INFO - Valores monetários: other_fixed_costs=5000.00 -> 500000.0
2025-04-07 18:33:58,399 - app.routes.basic_data_operations - INFO - Verificando se já existe registro para mês 4/2025
2025-04-07 18:33:58,410 - app.routes.basic_data_operations - INFO - Criando novo registro para mês 4/2025
2025-04-07 18:33:58,415 - app.routes.basic_data_operations - INFO - Processando dados básicos para usuário 2 em modo criação
2025-04-07 18:33:58,415 - app.routes.basic_data_operations - INFO - Valores recebidos (antes da conversão):
2025-04-07 18:33:58,415 - app.routes.basic_data_operations - INFO - - sales_revenue: '5000.00'
2025-04-07 18:33:58,415 - app.routes.basic_data_operations - INFO - - sales_expenses: '5000.00'
2025-04-07 18:33:58,415 - app.routes.basic_data_operations - INFO - - input_product_expenses: '5000.00'
2025-04-07 18:33:58,415 - app.routes.basic_data_operations - INFO - - fixed_costs: 'None'
2025-04-07 18:33:58,415 - app.routes.basic_data_operations - INFO - - pro_labore: '5000.00'
2025-04-07 18:33:58,416 - app.routes.basic_data_operations - INFO - - other_fixed_costs: '5000.00'
2025-04-07 18:33:58,416 - app.routes.basic_data_operations - INFO - Valores convertidos (após a conversão):
2025-04-07 18:33:58,416 - app.routes.basic_data_operations - INFO - - sales_revenue_float: 500000.0
2025-04-07 18:33:58,416 - app.routes.basic_data_operations - INFO - - sales_expenses_float: 500000.0
2025-04-07 18:33:58,416 - app.routes.basic_data_operations - INFO - - input_product_expenses_float: 500000.0
2025-04-07 18:33:58,416 - app.routes.basic_data_operations - INFO - - fixed_costs_float: None
2025-04-07 18:33:58,416 - app.routes.basic_data_operations - INFO - - pro_labore_float: 500000.0
2025-04-07 18:33:58,416 - app.routes.basic_data_operations - INFO - - other_fixed_costs_float: 500000.0
2025-04-07 18:33:58,416 - app.routes.basic_data_operations - INFO - Valores recebidos: month=4, year=2025, clients_served=50
2025-04-07 18:33:58,416 - app.routes.basic_data_operations - INFO - Valores monetários: sales_revenue=5000.00 -> 500000.0
2025-04-07 18:33:58,416 - app.routes.basic_data_operations - INFO - Valores monetários: sales_expenses=5000.00 -> 500000.0
2025-04-07 18:33:58,416 - app.routes.basic_data_operations - INFO - Valores monetários: input_product_expenses=5000.00 -> 500000.0
2025-04-07 18:33:58,416 - app.routes.basic_data_operations - INFO - Valores monetários: fixed_costs=None -> None
2025-04-07 18:33:58,416 - app.routes.basic_data_operations - INFO - Valores monetários: pro_labore=5000.00 -> 500000.0
2025-04-07 18:33:58,416 - app.routes.basic_data_operations - INFO - Valores monetários: other_fixed_costs=5000.00 -> 500000.0
2025-04-07 18:33:58,417 - app.routes.basic_data_operations - INFO - Verificando se já existe registro para mês 4/2025
2025-04-07 18:33:58,420 - app.routes.basic_data_operations - WARNING - Já existe registro para mês 4/2025
2025-04-07 18:33:58,426 - app.routes.basic_data_operations - INFO - Registro criado com sucesso. ID: 13
2025-04-07 18:33:58,426 - app.routes.basic_data_operations - INFO - Redirecionando para /basic-data/
2025-04-07 18:35:46,624 - app.routes.basic_data_operations - INFO - Processando dados básicos para usuário 2 em modo criação
2025-04-07 18:35:46,624 - app.routes.basic_data_operations - INFO - Valores recebidos (antes da conversão):
2025-04-07 18:35:46,624 - app.routes.basic_data_operations - INFO - - sales_revenue: '5000.00'
2025-04-07 18:35:46,624 - app.routes.basic_data_operations - INFO - - sales_expenses: '5000.00'
2025-04-07 18:35:46,624 - app.routes.basic_data_operations - INFO - - input_product_expenses: '5000.00'
2025-04-07 18:35:46,624 - app.routes.basic_data_operations - INFO - - fixed_costs: 'None'
2025-04-07 18:35:46,624 - app.routes.basic_data_operations - INFO - - pro_labore: '5000.00'
2025-04-07 18:35:46,624 - app.routes.basic_data_operations - INFO - - other_fixed_costs: '5000.00'
2025-04-07 18:35:46,624 - app.routes.basic_data_operations - INFO - Valores convertidos (após a conversão):
2025-04-07 18:35:46,624 - app.routes.basic_data_operations - INFO - - sales_revenue_float: 500000.0
2025-04-07 18:35:46,624 - app.routes.basic_data_operations - INFO - - sales_expenses_float: 500000.0
2025-04-07 18:35:46,624 - app.routes.basic_data_operations - INFO - - input_product_expenses_float: 500000.0
2025-04-07 18:35:46,624 - app.routes.basic_data_operations - INFO - - fixed_costs_float: None
2025-04-07 18:35:46,624 - app.routes.basic_data_operations - INFO - - pro_labore_float: 500000.0
2025-04-07 18:35:46,625 - app.routes.basic_data_operations - INFO - - other_fixed_costs_float: 500000.0
2025-04-07 18:35:46,625 - app.routes.basic_data_operations - INFO - Valores recebidos: month=4, year=2025, clients_served=50
2025-04-07 18:35:46,625 - app.routes.basic_data_operations - INFO - Valores monetários: sales_revenue=5000.00 -> 500000.0
2025-04-07 18:35:46,625 - app.routes.basic_data_operations - INFO - Valores monetários: sales_expenses=5000.00 -> 500000.0
2025-04-07 18:35:46,625 - app.routes.basic_data_operations - INFO - Valores monetários: input_product_expenses=5000.00 -> 500000.0
2025-04-07 18:35:46,625 - app.routes.basic_data_operations - INFO - Valores monetários: fixed_costs=None -> None
2025-04-07 18:35:46,625 - app.routes.basic_data_operations - INFO - Valores monetários: pro_labore=5000.00 -> 500000.0
2025-04-07 18:35:46,625 - app.routes.basic_data_operations - INFO - Valores monetários: other_fixed_costs=5000.00 -> 500000.0
2025-04-07 18:35:46,625 - app.routes.basic_data_operations - INFO - Verificando se já existe registro para mês 4/2025
2025-04-07 18:35:46,628 - app.routes.basic_data_operations - WARNING - Já existe registro para mês 4/2025
2025-04-07 18:36:05,285 - app.routes.basic_data_operations - INFO - Processando dados básicos para usuário 2 em modo criação
2025-04-07 18:36:05,286 - app.routes.basic_data_operations - INFO - Valores recebidos (antes da conversão):
2025-04-07 18:36:05,286 - app.routes.basic_data_operations - INFO - - sales_revenue: '8000.00'
2025-04-07 18:36:05,286 - app.routes.basic_data_operations - INFO - - sales_expenses: '8000.00'
2025-04-07 18:36:05,286 - app.routes.basic_data_operations - INFO - - input_product_expenses: '8000.00'
2025-04-07 18:36:05,286 - app.routes.basic_data_operations - INFO - - fixed_costs: 'None'
2025-04-07 18:36:05,286 - app.routes.basic_data_operations - INFO - - pro_labore: '8000.00'
2025-04-07 18:36:05,287 - app.routes.basic_data_operations - INFO - - other_fixed_costs: '8000.00'
2025-04-07 18:36:05,287 - app.routes.basic_data_operations - INFO - Valores convertidos (após a conversão):
2025-04-07 18:36:05,287 - app.routes.basic_data_operations - INFO - - sales_revenue_float: 800000.0
2025-04-07 18:36:05,287 - app.routes.basic_data_operations - INFO - - sales_expenses_float: 800000.0
2025-04-07 18:36:05,287 - app.routes.basic_data_operations - INFO - - input_product_expenses_float: 800000.0
2025-04-07 18:36:05,287 - app.routes.basic_data_operations - INFO - - fixed_costs_float: None
2025-04-07 18:36:05,288 - app.routes.basic_data_operations - INFO - - pro_labore_float: 800000.0
2025-04-07 18:36:05,288 - app.routes.basic_data_operations - INFO - - other_fixed_costs_float: 800000.0
2025-04-07 18:36:05,288 - app.routes.basic_data_operations - INFO - Valores recebidos: month=5, year=2025, clients_served=5058
2025-04-07 18:36:05,288 - app.routes.basic_data_operations - INFO - Valores monetários: sales_revenue=8000.00 -> 800000.0
2025-04-07 18:36:05,288 - app.routes.basic_data_operations - INFO - Valores monetários: sales_expenses=8000.00 -> 800000.0
2025-04-07 18:36:05,288 - app.routes.basic_data_operations - INFO - Valores monetários: input_product_expenses=8000.00 -> 800000.0
2025-04-07 18:36:05,288 - app.routes.basic_data_operations - INFO - Valores monetários: fixed_costs=None -> None
2025-04-07 18:36:05,289 - app.routes.basic_data_operations - INFO - Valores monetários: pro_labore=8000.00 -> 800000.0
2025-04-07 18:36:05,289 - app.routes.basic_data_operations - INFO - Valores monetários: other_fixed_costs=8000.00 -> 800000.0
2025-04-07 18:36:05,289 - app.routes.basic_data_operations - INFO - Verificando se já existe registro para mês 5/2025
2025-04-07 18:36:05,299 - app.routes.basic_data_operations - INFO - Criando novo registro para mês 5/2025
2025-04-07 18:36:05,306 - app.routes.basic_data_operations - INFO - Processando dados básicos para usuário 2 em modo criação
2025-04-07 18:36:05,306 - app.routes.basic_data_operations - INFO - Valores recebidos (antes da conversão):
2025-04-07 18:36:05,306 - app.routes.basic_data_operations - INFO - - sales_revenue: '8000.00'
2025-04-07 18:36:05,306 - app.routes.basic_data_operations - INFO - - sales_expenses: '8000.00'
2025-04-07 18:36:05,306 - app.routes.basic_data_operations - INFO - - input_product_expenses: '8000.00'
2025-04-07 18:36:05,306 - app.routes.basic_data_operations - INFO - - fixed_costs: 'None'
2025-04-07 18:36:05,306 - app.routes.basic_data_operations - INFO - - pro_labore: '8000.00'
2025-04-07 18:36:05,306 - app.routes.basic_data_operations - INFO - - other_fixed_costs: '8000.00'
2025-04-07 18:36:05,306 - app.routes.basic_data_operations - INFO - Valores convertidos (após a conversão):
2025-04-07 18:36:05,306 - app.routes.basic_data_operations - INFO - - sales_revenue_float: 800000.0
2025-04-07 18:36:05,307 - app.routes.basic_data_operations - INFO - - sales_expenses_float: 800000.0
2025-04-07 18:36:05,307 - app.routes.basic_data_operations - INFO - - input_product_expenses_float: 800000.0
2025-04-07 18:36:05,307 - app.routes.basic_data_operations - INFO - - fixed_costs_float: None
2025-04-07 18:36:05,307 - app.routes.basic_data_operations - INFO - - pro_labore_float: 800000.0
2025-04-07 18:36:05,307 - app.routes.basic_data_operations - INFO - - other_fixed_costs_float: 800000.0
2025-04-07 18:36:05,307 - app.routes.basic_data_operations - INFO - Valores recebidos: month=5, year=2025, clients_served=5058
2025-04-07 18:36:05,307 - app.routes.basic_data_operations - INFO - Valores monetários: sales_revenue=8000.00 -> 800000.0
2025-04-07 18:36:05,307 - app.routes.basic_data_operations - INFO - Valores monetários: sales_expenses=8000.00 -> 800000.0
2025-04-07 18:36:05,307 - app.routes.basic_data_operations - INFO - Valores monetários: input_product_expenses=8000.00 -> 800000.0
2025-04-07 18:36:05,307 - app.routes.basic_data_operations - INFO - Valores monetários: fixed_costs=None -> None
2025-04-07 18:36:05,307 - app.routes.basic_data_operations - INFO - Valores monetários: pro_labore=8000.00 -> 800000.0
2025-04-07 18:36:05,307 - app.routes.basic_data_operations - INFO - Valores monetários: other_fixed_costs=8000.00 -> 800000.0
2025-04-07 18:36:05,307 - app.routes.basic_data_operations - INFO - Verificando se já existe registro para mês 5/2025
2025-04-07 18:36:05,311 - app.routes.basic_data_operations - WARNING - Já existe registro para mês 5/2025
2025-04-07 18:36:05,321 - app.routes.basic_data_operations - INFO - Registro criado com sucesso. ID: 14
2025-04-07 18:36:05,322 - app.routes.basic_data_operations - INFO - Redirecionando para /basic-data/
2025-04-07 18:38:52,465 - app.routes.basic_data - INFO - Dados básicos encontrados: 2 registros
2025-04-07 18:38:52,465 - app.routes.basic_data - INFO - Registro ID 14: month=5, year=2025, clients_served=5058
2025-04-07 18:38:52,465 - app.routes.basic_data - INFO - Valores monetários brutos: sales_revenue=800000.0, sales_expenses=800000.0, input_product_expenses=800000.0
2025-04-07 18:38:52,465 - app.routes.basic_data - INFO - Valores monetários brutos: fixed_costs=None, pro_labore=800000.0, other_fixed_costs=800000.0
2025-04-07 18:38:52,465 - app.routes.basic_data - INFO - Valores formatados: sales_revenue=80000.0, sales_expenses=80000.0, input_product_expenses=80000.0
2025-04-07 18:38:52,465 - app.routes.basic_data - INFO - Valores formatados: fixed_costs=None, pro_labore=80000.0, other_fixed_costs=80000.0
2025-04-07 18:38:52,465 - app.routes.basic_data - INFO - Registro ID 13: month=4, year=2025, clients_served=50
2025-04-07 18:38:52,465 - app.routes.basic_data - INFO - Valores monetários brutos: sales_revenue=500000.0, sales_expenses=500000.0, input_product_expenses=500000.0
2025-04-07 18:38:52,465 - app.routes.basic_data - INFO - Valores monetários brutos: fixed_costs=None, pro_labore=500000.0, other_fixed_costs=500000.0
2025-04-07 18:38:52,465 - app.routes.basic_data - INFO - Valores formatados: sales_revenue=50000.0, sales_expenses=50000.0, input_product_expenses=50000.0
2025-04-07 18:38:52,466 - app.routes.basic_data - INFO - Valores formatados: fixed_costs=None, pro_labore=50000.0, other_fixed_costs=50000.0
2025-04-07 18:38:57,176 - app.routes.basic_data - INFO - Dados básicos encontrados: 1 registros
2025-04-07 18:38:57,177 - app.routes.basic_data - INFO - Registro ID 13: month=4, year=2025, clients_served=50
2025-04-07 18:38:57,177 - app.routes.basic_data - INFO - Valores monetários brutos: sales_revenue=500000.0, sales_expenses=500000.0, input_product_expenses=500000.0
2025-04-07 18:38:57,177 - app.routes.basic_data - INFO - Valores monetários brutos: fixed_costs=None, pro_labore=500000.0, other_fixed_costs=500000.0
2025-04-07 18:38:57,177 - app.routes.basic_data - INFO - Valores formatados: sales_revenue=50000.0, sales_expenses=50000.0, input_product_expenses=50000.0
2025-04-07 18:38:57,177 - app.routes.basic_data - INFO - Valores formatados: fixed_costs=None, pro_labore=50000.0, other_fixed_costs=50000.0
2025-04-07 18:38:59,327 - app.routes.basic_data - INFO - Dados básicos encontrados: 0 registros
2025-04-07 18:39:33,707 - app.routes.basic_data_operations - INFO - Processando dados básicos para usuário 2 em modo criação
2025-04-07 18:39:33,708 - app.routes.basic_data_operations - INFO - Valores recebidos (antes da conversão):
2025-04-07 18:39:33,708 - app.routes.basic_data_operations - INFO - - month: 4, year: 2025, clients_served: 50
2025-04-07 18:39:33,708 - app.routes.basic_data_operations - INFO - - sales_revenue: '1000.00'
2025-04-07 18:39:33,708 - app.routes.basic_data_operations - INFO - - sales_expenses: '2000.00'
2025-04-07 18:39:33,709 - app.routes.basic_data_operations - INFO - - input_product_expenses: '2000.00'
2025-04-07 18:39:33,709 - app.routes.basic_data_operations - INFO - - fixed_costs: 'None'
2025-04-07 18:39:33,709 - app.routes.basic_data_operations - INFO - - pro_labore: '1000.00'
2025-04-07 18:39:33,709 - app.routes.basic_data_operations - INFO - - other_fixed_costs: '2000.00'
2025-04-07 18:39:33,710 - app.routes.basic_data_operations - INFO - Valores convertidos (após a conversão):
2025-04-07 18:39:33,710 - app.routes.basic_data_operations - INFO - - sales_revenue_float: 100000.0
2025-04-07 18:39:33,711 - app.routes.basic_data_operations - INFO - - sales_expenses_float: 200000.0
2025-04-07 18:39:33,712 - app.routes.basic_data_operations - INFO - - input_product_expenses_float: 200000.0
2025-04-07 18:39:33,712 - app.routes.basic_data_operations - INFO - - fixed_costs_float: None
2025-04-07 18:39:33,713 - app.routes.basic_data_operations - INFO - - pro_labore_float: 100000.0
2025-04-07 18:39:33,713 - app.routes.basic_data_operations - INFO - - other_fixed_costs_float: 200000.0
2025-04-07 18:39:33,713 - app.routes.basic_data_operations - INFO - Dados que serão salvos no banco:
2025-04-07 18:39:33,714 - app.routes.basic_data_operations - INFO - - month: 4, year: 2025, clients_served: 50
2025-04-07 18:39:33,714 - app.routes.basic_data_operations - INFO - - sales_revenue: 100000.0
2025-04-07 18:39:33,714 - app.routes.basic_data_operations - INFO - - sales_expenses: 200000.0
2025-04-07 18:39:33,714 - app.routes.basic_data_operations - INFO - - input_product_expenses: 200000.0
2025-04-07 18:39:33,714 - app.routes.basic_data_operations - INFO - - fixed_costs: None
2025-04-07 18:39:33,715 - app.routes.basic_data_operations - INFO - - pro_labore: 100000.0
2025-04-07 18:39:33,715 - app.routes.basic_data_operations - INFO - - other_fixed_costs: 200000.0
2025-04-07 18:39:33,715 - app.routes.basic_data_operations - INFO - Verificando se já existe registro para mês 4/2025
2025-04-07 18:39:33,723 - app.routes.basic_data_operations - INFO - Criando novo registro para mês 4/2025
2025-04-07 18:39:33,727 - app.routes.basic_data_operations - INFO - Processando dados básicos para usuário 2 em modo criação
2025-04-07 18:39:33,727 - app.routes.basic_data_operations - INFO - Valores recebidos (antes da conversão):
2025-04-07 18:39:33,727 - app.routes.basic_data_operations - INFO - - month: 4, year: 2025, clients_served: 50
2025-04-07 18:39:33,727 - app.routes.basic_data_operations - INFO - - sales_revenue: '1000.00'
2025-04-07 18:39:33,727 - app.routes.basic_data_operations - INFO - - sales_expenses: '2000.00'
2025-04-07 18:39:33,727 - app.routes.basic_data_operations - INFO - - input_product_expenses: '2000.00'
2025-04-07 18:39:33,728 - app.routes.basic_data_operations - INFO - - fixed_costs: 'None'
2025-04-07 18:39:33,728 - app.routes.basic_data_operations - INFO - - pro_labore: '1000.00'
2025-04-07 18:39:33,728 - app.routes.basic_data_operations - INFO - - other_fixed_costs: '2000.00'
2025-04-07 18:39:33,728 - app.routes.basic_data_operations - INFO - Valores convertidos (após a conversão):
2025-04-07 18:39:33,728 - app.routes.basic_data_operations - INFO - - sales_revenue_float: 100000.0
2025-04-07 18:39:33,728 - app.routes.basic_data_operations - INFO - - sales_expenses_float: 200000.0
2025-04-07 18:39:33,728 - app.routes.basic_data_operations - INFO - - input_product_expenses_float: 200000.0
2025-04-07 18:39:33,728 - app.routes.basic_data_operations - INFO - - fixed_costs_float: None
2025-04-07 18:39:33,728 - app.routes.basic_data_operations - INFO - - pro_labore_float: 100000.0
2025-04-07 18:39:33,728 - app.routes.basic_data_operations - INFO - - other_fixed_costs_float: 200000.0
2025-04-07 18:39:33,728 - app.routes.basic_data_operations - INFO - Dados que serão salvos no banco:
2025-04-07 18:39:33,728 - app.routes.basic_data_operations - INFO - - month: 4, year: 2025, clients_served: 50
2025-04-07 18:39:33,729 - app.routes.basic_data_operations - INFO - - sales_revenue: 100000.0
2025-04-07 18:39:33,729 - app.routes.basic_data_operations - INFO - - sales_expenses: 200000.0
2025-04-07 18:39:33,729 - app.routes.basic_data_operations - INFO - - input_product_expenses: 200000.0
2025-04-07 18:39:33,729 - app.routes.basic_data_operations - INFO - - fixed_costs: None
2025-04-07 18:39:33,729 - app.routes.basic_data_operations - INFO - - pro_labore: 100000.0
2025-04-07 18:39:33,729 - app.routes.basic_data_operations - INFO - - other_fixed_costs: 200000.0
2025-04-07 18:39:33,729 - app.routes.basic_data_operations - INFO - Verificando se já existe registro para mês 4/2025
2025-04-07 18:39:33,732 - app.routes.basic_data_operations - WARNING - Já existe registro para mês 4/2025
2025-04-07 18:39:33,740 - app.routes.basic_data_operations - INFO - Registro criado com sucesso. ID: 13
2025-04-07 18:39:33,740 - app.routes.basic_data_operations - INFO - Redirecionando para /basic-data/
2025-04-07 18:41:58,710 - app.routes.basic_data - INFO - Dados básicos encontrados: 1 registros
2025-04-07 18:41:58,710 - app.routes.basic_data - INFO - Registro ID 13: month=4, year=2025, clients_served=50
2025-04-07 18:41:58,710 - app.routes.basic_data - INFO - Valores monetários brutos: sales_revenue=100000.0, sales_expenses=200000.0, input_product_expenses=200000.0
2025-04-07 18:41:58,710 - app.routes.basic_data - INFO - Valores monetários brutos: fixed_costs=None, pro_labore=100000.0, other_fixed_costs=200000.0
2025-04-07 18:41:58,710 - app.routes.basic_data - INFO - Valores formatados: sales_revenue=10000.0, sales_expenses=20000.0, input_product_expenses=20000.0
2025-04-07 18:41:58,710 - app.routes.basic_data - INFO - Valores formatados: fixed_costs=None, pro_labore=10000.0, other_fixed_costs=20000.0
2025-04-07 18:42:01,779 - app.routes.basic_data - INFO - Dados básicos encontrados: 0 registros
2025-04-07 18:43:19,997 - app.routes.basic_data - INFO - Dados básicos encontrados: 0 registros
2025-04-07 18:44:18,118 - app.routes.basic_data_operations - INFO - Processando dados básicos para usuário 2 em modo criação
2025-04-07 18:44:18,118 - app.routes.basic_data_operations - INFO - Valores recebidos (antes da conversão):
2025-04-07 18:44:18,119 - app.routes.basic_data_operations - INFO - - month: 4, year: 2025, clients_served: 100
2025-04-07 18:44:18,119 - app.routes.basic_data_operations - INFO - - sales_revenue: '1000'
2025-04-07 18:44:18,119 - app.routes.basic_data_operations - INFO - - sales_expenses: '1000'
2025-04-07 18:44:18,119 - app.routes.basic_data_operations - INFO - - input_product_expenses: '1000'
2025-04-07 18:44:18,119 - app.routes.basic_data_operations - INFO - - fixed_costs: 'None'
2025-04-07 18:44:18,119 - app.routes.basic_data_operations - INFO - - pro_labore: '1000'
2025-04-07 18:44:18,120 - app.routes.basic_data_operations - INFO - - other_fixed_costs: '1000'
2025-04-07 18:44:18,120 - app.routes.basic_data_operations - INFO - Valores convertidos (após a conversão):
2025-04-07 18:44:18,120 - app.routes.basic_data_operations - INFO - - sales_revenue_float: 1000.0
2025-04-07 18:44:18,120 - app.routes.basic_data_operations - INFO - - sales_expenses_float: 1000.0
2025-04-07 18:44:18,120 - app.routes.basic_data_operations - INFO - - input_product_expenses_float: 1000.0
2025-04-07 18:44:18,120 - app.routes.basic_data_operations - INFO - - fixed_costs_float: None
2025-04-07 18:44:18,120 - app.routes.basic_data_operations - INFO - - pro_labore_float: 1000.0
2025-04-07 18:44:18,120 - app.routes.basic_data_operations - INFO - - other_fixed_costs_float: 1000.0
2025-04-07 18:44:18,120 - app.routes.basic_data_operations - INFO - Dados que serão salvos no banco:
2025-04-07 18:44:18,120 - app.routes.basic_data_operations - INFO - - month: 4, year: 2025, clients_served: 100
2025-04-07 18:44:18,120 - app.routes.basic_data_operations - INFO - - sales_revenue: 1000.0
2025-04-07 18:44:18,120 - app.routes.basic_data_operations - INFO - - sales_expenses: 1000.0
2025-04-07 18:44:18,120 - app.routes.basic_data_operations - INFO - - input_product_expenses: 1000.0
2025-04-07 18:44:18,120 - app.routes.basic_data_operations - INFO - - fixed_costs: None
2025-04-07 18:44:18,120 - app.routes.basic_data_operations - INFO - - pro_labore: 1000.0
2025-04-07 18:44:18,121 - app.routes.basic_data_operations - INFO - - other_fixed_costs: 1000.0
2025-04-07 18:44:18,121 - app.routes.basic_data_operations - INFO - Verificando se já existe registro para mês 4/2025
2025-04-07 18:44:18,124 - app.routes.basic_data_operations - INFO - Criando novo registro para mês 4/2025
2025-04-07 18:44:18,139 - app.routes.basic_data_operations - INFO - Processando dados básicos para usuário 2 em modo criação
2025-04-07 18:44:18,139 - app.routes.basic_data_operations - INFO - Valores recebidos (antes da conversão):
2025-04-07 18:44:18,139 - app.routes.basic_data_operations - INFO - - month: 4, year: 2025, clients_served: 100
2025-04-07 18:44:18,139 - app.routes.basic_data_operations - INFO - - sales_revenue: '1000'
2025-04-07 18:44:18,139 - app.routes.basic_data_operations - INFO - - sales_expenses: '1000'
2025-04-07 18:44:18,139 - app.routes.basic_data_operations - INFO - - input_product_expenses: '1000'
2025-04-07 18:44:18,139 - app.routes.basic_data_operations - INFO - - fixed_costs: 'None'
2025-04-07 18:44:18,139 - app.routes.basic_data_operations - INFO - - pro_labore: '1000'
2025-04-07 18:44:18,140 - app.routes.basic_data_operations - INFO - - other_fixed_costs: '1000'
2025-04-07 18:44:18,140 - app.routes.basic_data_operations - INFO - Valores convertidos (após a conversão):
2025-04-07 18:44:18,140 - app.routes.basic_data_operations - INFO - - sales_revenue_float: 1000.0
2025-04-07 18:44:18,140 - app.routes.basic_data_operations - INFO - - sales_expenses_float: 1000.0
2025-04-07 18:44:18,140 - app.routes.basic_data_operations - INFO - - input_product_expenses_float: 1000.0
2025-04-07 18:44:18,140 - app.routes.basic_data_operations - INFO - - fixed_costs_float: None
2025-04-07 18:44:18,140 - app.routes.basic_data_operations - INFO - - pro_labore_float: 1000.0
2025-04-07 18:44:18,140 - app.routes.basic_data_operations - INFO - - other_fixed_costs_float: 1000.0
2025-04-07 18:44:18,141 - app.routes.basic_data_operations - INFO - Dados que serão salvos no banco:
2025-04-07 18:44:18,141 - app.routes.basic_data_operations - INFO - - month: 4, year: 2025, clients_served: 100
2025-04-07 18:44:18,141 - app.routes.basic_data_operations - INFO - - sales_revenue: 1000.0
2025-04-07 18:44:18,141 - app.routes.basic_data_operations - INFO - - sales_expenses: 1000.0
2025-04-07 18:44:18,141 - app.routes.basic_data_operations - INFO - - input_product_expenses: 1000.0
2025-04-07 18:44:18,141 - app.routes.basic_data_operations - INFO - - fixed_costs: None
2025-04-07 18:44:18,141 - app.routes.basic_data_operations - INFO - - pro_labore: 1000.0
2025-04-07 18:44:18,141 - app.routes.basic_data_operations - INFO - - other_fixed_costs: 1000.0
2025-04-07 18:44:18,141 - app.routes.basic_data_operations - INFO - Verificando se já existe registro para mês 4/2025
2025-04-07 18:44:18,146 - app.routes.basic_data_operations - WARNING - Já existe registro para mês 4/2025
2025-04-07 18:44:18,148 - app.routes.basic_data_operations - INFO - Registro criado com sucesso. ID: 13
2025-04-07 18:44:18,148 - app.routes.basic_data_operations - INFO - Redirecionando para /basic-data/
2025-04-07 18:44:21,259 - app.routes.basic_data - INFO - Dados básicos encontrados: 1 registros
2025-04-07 18:44:21,259 - app.routes.basic_data - INFO - Registro ID 13: month=4, year=2025, clients_served=100
2025-04-07 18:44:21,259 - app.routes.basic_data - INFO - Valores monetários brutos: sales_revenue=1000.0, sales_expenses=1000.0, input_product_expenses=1000.0
2025-04-07 18:44:21,260 - app.routes.basic_data - INFO - Valores monetários brutos: fixed_costs=None, pro_labore=1000.0, other_fixed_costs=1000.0
2025-04-07 18:44:21,260 - app.routes.basic_data - INFO - Valores formatados: sales_revenue=100.0, sales_expenses=100.0, input_product_expenses=100.0
2025-04-07 18:44:21,260 - app.routes.basic_data - INFO - Valores formatados: fixed_costs=None, pro_labore=100.0, other_fixed_costs=100.0
2025-04-07 18:44:32,253 - app.routes.basic_data_operations - INFO - Processando dados básicos para usuário 2 em modo edição
2025-04-07 18:44:32,253 - app.routes.basic_data_operations - INFO - Valores recebidos (antes da conversão):
2025-04-07 18:44:32,253 - app.routes.basic_data_operations - INFO - - month: 4, year: 2025, clients_served: 100
2025-04-07 18:44:32,254 - app.routes.basic_data_operations - INFO - - sales_revenue: '1000'
2025-04-07 18:44:32,254 - app.routes.basic_data_operations - INFO - - sales_expenses: '10000'
2025-04-07 18:44:32,254 - app.routes.basic_data_operations - INFO - - input_product_expenses: '1000'
2025-04-07 18:44:32,254 - app.routes.basic_data_operations - INFO - - fixed_costs: 'None'
2025-04-07 18:44:32,254 - app.routes.basic_data_operations - INFO - - pro_labore: '1000'
2025-04-07 18:44:32,254 - app.routes.basic_data_operations - INFO - - other_fixed_costs: '1000'
2025-04-07 18:44:32,254 - app.routes.basic_data_operations - INFO - Valores convertidos (após a conversão):
2025-04-07 18:44:32,254 - app.routes.basic_data_operations - INFO - - sales_revenue_float: 1000.0
2025-04-07 18:44:32,254 - app.routes.basic_data_operations - INFO - - sales_expenses_float: 10000.0
2025-04-07 18:44:32,254 - app.routes.basic_data_operations - INFO - - input_product_expenses_float: 1000.0
2025-04-07 18:44:32,254 - app.routes.basic_data_operations - INFO - - fixed_costs_float: None
2025-04-07 18:44:32,254 - app.routes.basic_data_operations - INFO - - pro_labore_float: 1000.0
2025-04-07 18:44:32,254 - app.routes.basic_data_operations - INFO - - other_fixed_costs_float: 1000.0
2025-04-07 18:44:32,255 - app.routes.basic_data_operations - INFO - Dados que serão salvos no banco:
2025-04-07 18:44:32,255 - app.routes.basic_data_operations - INFO - - month: 4, year: 2025, clients_served: 100
2025-04-07 18:44:32,255 - app.routes.basic_data_operations - INFO - - sales_revenue: 1000.0
2025-04-07 18:44:32,255 - app.routes.basic_data_operations - INFO - - sales_expenses: 10000.0
2025-04-07 18:44:32,255 - app.routes.basic_data_operations - INFO - - input_product_expenses: 1000.0
2025-04-07 18:44:32,255 - app.routes.basic_data_operations - INFO - - fixed_costs: None
2025-04-07 18:44:32,256 - app.routes.basic_data_operations - INFO - - pro_labore: 1000.0
2025-04-07 18:44:32,256 - app.routes.basic_data_operations - INFO - - other_fixed_costs: 1000.0
2025-04-07 18:44:32,256 - app.routes.basic_data_operations - INFO - Modo de edição ativado para mês 4/2025
2025-04-07 18:44:32,259 - app.routes.basic_data_operations - INFO - Alteração detectada: Gastos com Vendas de R$ 1000,00 para R$ 10000,00
2025-04-07 18:44:32,268 - app.routes.basic_data_operations - INFO - Redirecionando para /basic-data/ após edição
2025-04-07 18:44:32,275 - app.routes.basic_data - INFO - Dados básicos encontrados: 1 registros
2025-04-07 18:44:32,275 - app.routes.basic_data - INFO - Registro ID 13: month=4, year=2025, clients_served=100
2025-04-07 18:44:32,275 - app.routes.basic_data - INFO - Valores monetários brutos: sales_revenue=1000.0, sales_expenses=10000.0, input_product_expenses=1000.0
2025-04-07 18:44:32,275 - app.routes.basic_data - INFO - Valores monetários brutos: fixed_costs=None, pro_labore=1000.0, other_fixed_costs=1000.0
2025-04-07 18:44:32,275 - app.routes.basic_data - INFO - Valores formatados: sales_revenue=100.0, sales_expenses=1000.0, input_product_expenses=100.0
2025-04-07 18:44:32,275 - app.routes.basic_data - INFO - Valores formatados: fixed_costs=None, pro_labore=100.0, other_fixed_costs=100.0
2025-04-07 18:44:45,001 - app.routes.basic_data_operations - INFO - Processando dados básicos para usuário 2 em modo edição
2025-04-07 18:44:45,001 - app.routes.basic_data_operations - INFO - Valores recebidos (antes da conversão):
2025-04-07 18:44:45,001 - app.routes.basic_data_operations - INFO - - month: 4, year: 2025, clients_served: 100
2025-04-07 18:44:45,001 - app.routes.basic_data_operations - INFO - - sales_revenue: '10000'
2025-04-07 18:44:45,001 - app.routes.basic_data_operations - INFO - - sales_expenses: '10000'
2025-04-07 18:44:45,001 - app.routes.basic_data_operations - INFO - - input_product_expenses: '10000'
2025-04-07 18:44:45,001 - app.routes.basic_data_operations - INFO - - fixed_costs: 'None'
2025-04-07 18:44:45,001 - app.routes.basic_data_operations - INFO - - pro_labore: '10000'
2025-04-07 18:44:45,002 - app.routes.basic_data_operations - INFO - - other_fixed_costs: '10000'
2025-04-07 18:44:45,002 - app.routes.basic_data_operations - INFO - Valores convertidos (após a conversão):
2025-04-07 18:44:45,002 - app.routes.basic_data_operations - INFO - - sales_revenue_float: 10000.0
2025-04-07 18:44:45,002 - app.routes.basic_data_operations - INFO - - sales_expenses_float: 10000.0
2025-04-07 18:44:45,002 - app.routes.basic_data_operations - INFO - - input_product_expenses_float: 10000.0
2025-04-07 18:44:45,002 - app.routes.basic_data_operations - INFO - - fixed_costs_float: None
2025-04-07 18:44:45,002 - app.routes.basic_data_operations - INFO - - pro_labore_float: 10000.0
2025-04-07 18:44:45,002 - app.routes.basic_data_operations - INFO - - other_fixed_costs_float: 10000.0
2025-04-07 18:44:45,002 - app.routes.basic_data_operations - INFO - Dados que serão salvos no banco:
2025-04-07 18:44:45,002 - app.routes.basic_data_operations - INFO - - month: 4, year: 2025, clients_served: 100
2025-04-07 18:44:45,002 - app.routes.basic_data_operations - INFO - - sales_revenue: 10000.0
2025-04-07 18:44:45,002 - app.routes.basic_data_operations - INFO - - sales_expenses: 10000.0
2025-04-07 18:44:45,002 - app.routes.basic_data_operations - INFO - - input_product_expenses: 10000.0
2025-04-07 18:44:45,003 - app.routes.basic_data_operations - INFO - - fixed_costs: None
2025-04-07 18:44:45,003 - app.routes.basic_data_operations - INFO - - pro_labore: 10000.0
2025-04-07 18:44:45,003 - app.routes.basic_data_operations - INFO - - other_fixed_costs: 10000.0
2025-04-07 18:44:45,003 - app.routes.basic_data_operations - INFO - Modo de edição ativado para mês 4/2025
2025-04-07 18:44:45,005 - app.routes.basic_data_operations - INFO - Alteração detectada: Faturamento com Vendas de R$ 1000,00 para R$ 10000,00
2025-04-07 18:44:45,006 - app.routes.basic_data_operations - INFO - Alteração detectada: Gastos com Insumos e Produtos de R$ 1000,00 para R$ 10000,00
2025-04-07 18:44:45,006 - app.routes.basic_data_operations - INFO - Alteração detectada: Pró-labore de R$ 1000,00 para R$ 10000,00
2025-04-07 18:44:45,006 - app.routes.basic_data_operations - INFO - Alteração detectada: Demais Custos Fixos de R$ 1000,00 para R$ 10000,00
2025-04-07 18:44:45,014 - app.routes.basic_data_operations - INFO - Redirecionando para /basic-data/ após edição
2025-04-07 18:44:45,021 - app.routes.basic_data - INFO - Dados básicos encontrados: 1 registros
2025-04-07 18:44:45,021 - app.routes.basic_data - INFO - Registro ID 13: month=4, year=2025, clients_served=100
2025-04-07 18:44:45,021 - app.routes.basic_data - INFO - Valores monetários brutos: sales_revenue=10000.0, sales_expenses=10000.0, input_product_expenses=10000.0
2025-04-07 18:44:45,021 - app.routes.basic_data - INFO - Valores monetários brutos: fixed_costs=None, pro_labore=10000.0, other_fixed_costs=10000.0
2025-04-07 18:44:45,021 - app.routes.basic_data - INFO - Valores formatados: sales_revenue=1000.0, sales_expenses=1000.0, input_product_expenses=1000.0
2025-04-07 18:44:45,021 - app.routes.basic_data - INFO - Valores formatados: fixed_costs=None, pro_labore=1000.0, other_fixed_costs=1000.0
2025-04-07 18:47:30,557 - app.routes.basic_data_operations - INFO - Processando dados básicos para usuário 2 em modo edição
2025-04-07 18:47:30,557 - app.routes.basic_data_operations - INFO - Valores recebidos (antes da conversão):
2025-04-07 18:47:30,557 - app.routes.basic_data_operations - INFO - - month: 4, year: 2025, clients_served: 56
2025-04-07 18:47:30,558 - app.routes.basic_data_operations - INFO - - sales_revenue: '2000'
2025-04-07 18:47:30,558 - app.routes.basic_data_operations - INFO - - sales_expenses: '2000'
2025-04-07 18:47:30,558 - app.routes.basic_data_operations - INFO - - input_product_expenses: '2000'
2025-04-07 18:47:30,558 - app.routes.basic_data_operations - INFO - - fixed_costs: 'None'
2025-04-07 18:47:30,558 - app.routes.basic_data_operations - INFO - - pro_labore: '2000'
2025-04-07 18:47:30,558 - app.routes.basic_data_operations - INFO - - other_fixed_costs: '200'
2025-04-07 18:47:30,558 - app.routes.basic_data_operations - INFO - Valores convertidos (após a conversão):
2025-04-07 18:47:30,558 - app.routes.basic_data_operations - INFO - - sales_revenue_float: 2000.0
2025-04-07 18:47:30,558 - app.routes.basic_data_operations - INFO - - sales_expenses_float: 2000.0
2025-04-07 18:47:30,558 - app.routes.basic_data_operations - INFO - - input_product_expenses_float: 2000.0
2025-04-07 18:47:30,558 - app.routes.basic_data_operations - INFO - - fixed_costs_float: None
2025-04-07 18:47:30,558 - app.routes.basic_data_operations - INFO - - pro_labore_float: 2000.0
2025-04-07 18:47:30,558 - app.routes.basic_data_operations - INFO - - other_fixed_costs_float: 200.0
2025-04-07 18:47:30,558 - app.routes.basic_data_operations - INFO - Dados que serão salvos no banco:
2025-04-07 18:47:30,558 - app.routes.basic_data_operations - INFO - - month: 4, year: 2025, clients_served: 56
2025-04-07 18:47:30,558 - app.routes.basic_data_operations - INFO - - sales_revenue: 2000.0
2025-04-07 18:47:30,558 - app.routes.basic_data_operations - INFO - - sales_expenses: 2000.0
2025-04-07 18:47:30,558 - app.routes.basic_data_operations - INFO - - input_product_expenses: 2000.0
2025-04-07 18:47:30,558 - app.routes.basic_data_operations - INFO - - fixed_costs: None
2025-04-07 18:47:30,558 - app.routes.basic_data_operations - INFO - - pro_labore: 2000.0
2025-04-07 18:47:30,558 - app.routes.basic_data_operations - INFO - - other_fixed_costs: 200.0
2025-04-07 18:47:30,559 - app.routes.basic_data_operations - INFO - Modo de edição ativado para mês 4/2025
2025-04-07 18:47:30,563 - app.routes.basic_data_operations - INFO - Alteração detectada: Quantidade de Clientes Atendidos de 100 para 56
2025-04-07 18:47:30,563 - app.routes.basic_data_operations - INFO - Alteração detectada: Faturamento com Vendas de R$ 10000,00 para R$ 2000,00
2025-04-07 18:47:30,564 - app.routes.basic_data_operations - INFO - Alteração detectada: Gastos com Vendas de R$ 10000,00 para R$ 2000,00
2025-04-07 18:47:30,564 - app.routes.basic_data_operations - INFO - Alteração detectada: Gastos com Insumos e Produtos de R$ 10000,00 para R$ 2000,00
2025-04-07 18:47:30,564 - app.routes.basic_data_operations - INFO - Alteração detectada: Pró-labore de R$ 10000,00 para R$ 2000,00
2025-04-07 18:47:30,564 - app.routes.basic_data_operations - INFO - Alteração detectada: Horas de Trabalho por Semana de 100.0 para 20.0
2025-04-07 18:47:30,564 - app.routes.basic_data_operations - INFO - Alteração detectada: Demais Custos Fixos de R$ 10000,00 para R$ 200,00
2025-04-07 18:47:30,564 - app.routes.basic_data_operations - INFO - Alteração detectada: Margem de Lucro Ideal (Serviços) de 100.0 para 20.0
2025-04-07 18:47:30,581 - app.routes.basic_data_operations - INFO - Redirecionando para /basic-data/ após edição
2025-04-07 18:47:30,587 - app.routes.basic_data - INFO - Dados básicos encontrados: 1 registros
2025-04-07 18:47:30,587 - app.routes.basic_data - INFO - Registro ID 13: month=4, year=2025, clients_served=56
2025-04-07 18:47:30,587 - app.routes.basic_data - INFO - Valores monetários brutos: sales_revenue=2000.0, sales_expenses=2000.0, input_product_expenses=2000.0
2025-04-07 18:47:30,587 - app.routes.basic_data - INFO - Valores monetários brutos: fixed_costs=None, pro_labore=2000.0, other_fixed_costs=200.0
2025-04-07 18:47:30,588 - app.routes.basic_data - INFO - Valores formatados: sales_revenue=200.0, sales_expenses=200.0, input_product_expenses=200.0
2025-04-07 18:47:30,588 - app.routes.basic_data - INFO - Valores formatados: fixed_costs=None, pro_labore=200.0, other_fixed_costs=20.0
